[32m[Nest] 4508  - [39m17/02/2026, 22:34:02 [32m    LOG[39m [38;5;3m[NestFactory] [39m[32mStarting Nest application...[39m
[32m[Nest] 4508  - [39m17/02/2026, 22:34:02 [32m    LOG[39m [38;5;3m[InstanceLoader] [39m[32mPrismaModule dependencies initialized[39m[38;5;3m +46ms[39m
[32m[Nest] 4508  - [39m17/02/2026, 22:34:02 [32m    LOG[39m [38;5;3m[InstanceLoader] [39m[32mAppModule dependencies initialized[39m[38;5;3m +5ms[39m
[32m[Nest] 4508  - [39m17/02/2026, 22:34:02 [32m    LOG[39m [38;5;3m[InstanceLoader] [39m[32mMaintenanceModule dependencies initialized[39m[38;5;3m +1ms[39m
[32m[Nest] 4508  - [39m17/02/2026, 22:34:02 [32m    LOG[39m [38;5;3m[InstanceLoader] [39m[32mAuthModule dependencies initialized[39m[38;5;3m +1ms[39m
[32m[Nest] 4508  - [39m17/02/2026, 22:34:02 [32m    LOG[39m [38;5;3m[InstanceLoader] [39m[32mUsersModule dependencies initialized[39m[38;5;3m +0ms[39m
[32m[Nest] 4508  - [39m17/02/2026, 22:34:02 [32m    LOG[39m [38;5;3m[InstanceLoader] [39m[32mOrgModule dependencies initialized[39m[38;5;3m +2ms[39m
[32m[Nest] 4508  - [39m17/02/2026, 22:34:02 [32m    LOG[39m [38;5;3m[InstanceLoader] [39m[32mCoachesModule dependencies initialized[39m[38;5;3m +0ms[39m
[32m[Nest] 4508  - [39m17/02/2026, 22:34:02 [32m    LOG[39m [38;5;3m[InstanceLoader] [39m[32mLibraryModule dependencies initialized[39m[38;5;3m +1ms[39m
[32m[Nest] 4508  - [39m17/02/2026, 22:34:02 [32m    LOG[39m [38;5;3m[InstanceLoader] [39m[32mClientsModule dependencies initialized[39m[38;5;3m +0ms[39m
[32m[Nest] 4508  - [39m17/02/2026, 22:34:02 [32m    LOG[39m [38;5;3m[RoutesResolver] [39m[32mHealthController {/health}:[39m[38;5;3m +6ms[39m
[32m[Nest] 4508  - [39m17/02/2026, 22:34:02 [32m    LOG[39m [38;5;3m[RouterExplorer] [39m[32mMapped {/health, GET} route[39m[38;5;3m +5ms[39m
[32m[Nest] 4508  - [39m17/02/2026, 22:34:02 [32m    LOG[39m [38;5;3m[RoutesResolver] [39m[32mUsersController {/users}:[39m[38;5;3m +0ms[39m
[32m[Nest] 4508  - [39m17/02/2026, 22:34:02 [32m    LOG[39m [38;5;3m[RouterExplorer] [39m[32mMapped {/users/me, GET} route[39m[38;5;3m +2ms[39m
[32m[Nest] 4508  - [39m17/02/2026, 22:34:02 [32m    LOG[39m [38;5;3m[RoutesResolver] [39m[32mMaintenanceController {/maintenance}:[39m[38;5;3m +0ms[39m
[32m[Nest] 4508  - [39m17/02/2026, 22:34:02 [32m    LOG[39m [38;5;3m[RouterExplorer] [39m[32mMapped {/maintenance/dispatch, POST} route[39m[38;5;3m +2ms[39m
[32m[Nest] 4508  - [39m17/02/2026, 22:34:02 [32m    LOG[39m [38;5;3m[RoutesResolver] [39m[32mOrgAdminController {/org/subscription}:[39m[38;5;3m +0ms[39m
[32m[Nest] 4508  - [39m17/02/2026, 22:34:02 [32m    LOG[39m [38;5;3m[RouterExplorer] [39m[32mMapped {/org/subscription/occupancy, GET} route[39m[38;5;3m +1ms[39m
[32m[Nest] 4508  - [39m17/02/2026, 22:34:02 [32m    LOG[39m [38;5;3m[RouterExplorer] [39m[32mMapped {/org/subscription/limit, PATCH} route[39m[38;5;3m +1ms[39m
[32m[Nest] 4508  - [39m17/02/2026, 22:34:02 [32m    LOG[39m [38;5;3m[RoutesResolver] [39m[32mCoachesAdminController {/coaches}:[39m[38;5;3m +1ms[39m
[32m[Nest] 4508  - [39m17/02/2026, 22:34:02 [32m    LOG[39m [38;5;3m[RouterExplorer] [39m[32mMapped {/coaches, GET} route[39m[38;5;3m +1ms[39m
[32m[Nest] 4508  - [39m17/02/2026, 22:34:02 [32m    LOG[39m [38;5;3m[RouterExplorer] [39m[32mMapped {/coaches, POST} route[39m[38;5;3m +1ms[39m
[32m[Nest] 4508  - [39m17/02/2026, 22:34:02 [32m    LOG[39m [38;5;3m[RouterExplorer] [39m[32mMapped {/coaches/:coachMembershipId/activate, PATCH} route[39m[38;5;3m +1ms[39m
[32m[Nest] 4508  - [39m17/02/2026, 22:34:02 [32m    LOG[39m [38;5;3m[RouterExplorer] [39m[32mMapped {/coaches/:coachMembershipId/deactivate, PATCH} route[39m[38;5;3m +1ms[39m
[32m[Nest] 4508  - [39m17/02/2026, 22:34:02 [32m    LOG[39m [38;5;3m[RouterExplorer] [39m[32mMapped {/coaches/:coachMembershipId, DELETE} route[39m[38;5;3m +1ms[39m
[32m[Nest] 4508  - [39m17/02/2026, 22:34:02 [32m    LOG[39m [38;5;3m[RoutesResolver] [39m[32mClientsController {/clients}:[39m[38;5;3m +1ms[39m
[32m[Nest] 4508  - [39m17/02/2026, 22:34:02 [32m    LOG[39m [38;5;3m[RouterExplorer] [39m[32mMapped {/clients, POST} route[39m[38;5;3m +1ms[39m
[32m[Nest] 4508  - [39m17/02/2026, 22:34:02 [32m    LOG[39m [38;5;3m[RouterExplorer] [39m[32mMapped {/clients, GET} route[39m[38;5;3m +1ms[39m
[32m[Nest] 4508  - [39m17/02/2026, 22:34:02 [32m    LOG[39m [38;5;3m[RouterExplorer] [39m[32mMapped {/clients/:clientId, GET} route[39m[38;5;3m +1ms[39m
[32m[Nest] 4508  - [39m17/02/2026, 22:34:02 [32m    LOG[39m [38;5;3m[RouterExplorer] [39m[32mMapped {/clients/:clientId, DELETE} route[39m[38;5;3m +1ms[39m
[32m[Nest] 4508  - [39m17/02/2026, 22:34:02 [32m    LOG[39m [38;5;3m[RoutesResolver] [39m[32mLibraryController {/library}:[39m[38;5;3m +0ms[39m
[32m[Nest] 4508  - [39m17/02/2026, 22:34:02 [32m    LOG[39m [38;5;3m[RouterExplorer] [39m[32mMapped {/library/cardio-methods, GET} route[39m[38;5;3m +1ms[39m
[32m[Nest] 4508  - [39m17/02/2026, 22:34:02 [32m    LOG[39m [38;5;3m[RouterExplorer] [39m[32mMapped {/library/exercises, GET} route[39m[38;5;3m +1ms[39m
[32m[Nest] 4508  - [39m17/02/2026, 22:34:02 [32m    LOG[39m [38;5;3m[RouterExplorer] [39m[32mMapped {/library/foods, GET} route[39m[38;5;3m +0ms[39m
[32m[Nest] 4508  - [39m17/02/2026, 22:34:02 [32m    LOG[39m [38;5;3m[RouterExplorer] [39m[32mMapped {/library/cardio-methods, POST} route[39m[38;5;3m +1ms[39m
[32m[Nest] 4508  - [39m17/02/2026, 22:34:02 [32m    LOG[39m [38;5;3m[RouterExplorer] [39m[32mMapped {/library/exercises, POST} route[39m[38;5;3m +1ms[39m
[32m[Nest] 4508  - [39m17/02/2026, 22:34:02 [32m    LOG[39m [38;5;3m[RouterExplorer] [39m[32mMapped {/library/foods, POST} route[39m[38;5;3m +0ms[39m
[32m[Nest] 4508  - [39m17/02/2026, 22:34:02 [32m    LOG[39m [38;5;3m[RouterExplorer] [39m[32mMapped {/library/cardio-methods/:itemId, PATCH} route[39m[38;5;3m +1ms[39m
[32m[Nest] 4508  - [39m17/02/2026, 22:34:02 [32m    LOG[39m [38;5;3m[RouterExplorer] [39m[32mMapped {/library/exercises/:itemId, PATCH} route[39m[38;5;3m +1ms[39m
[32m[Nest] 4508  - [39m17/02/2026, 22:34:02 [32m    LOG[39m [38;5;3m[RouterExplorer] [39m[32mMapped {/library/foods/:itemId, PATCH} route[39m[38;5;3m +0ms[39m
[32m[Nest] 4508  - [39m17/02/2026, 22:34:02 [32m    LOG[39m [38;5;3m[NestApplication] [39m[32mNest application successfully started[39m[38;5;3m +31ms[39m
